# JRE version: Java(TM) SE Runtime Environment (7.0_72-b14) (build 1.7.0_72-b14)
# Java VM: Java HotSpot(TM) 64-Bit Server VM (24.72-b04 mixed mode linux-amd64 compressed oops)
Heap
 PSYoungGen      total 139776K, used 15349K [0x00000000d7280000, 0x00000000e0c80000, 0x0000000100000000)
  eden space 124416K, 0% used [0x00000000d7280000,0x00000000d7280000,0x00000000dec00000)
  from space 15360K, 99% used [0x00000000dec00000,0x00000000dfafd6b0,0x00000000dfb00000)
  to   space 12800K, 0% used [0x00000000dfb00000,0x00000000dfb00000,0x00000000e0780000)
 ParOldGen       total 83456K, used 27788K [0x0000000085800000, 0x000000008a980000, 0x00000000d7280000)
  object space 83456K, 33% used [0x0000000085800000,0x0000000087323248,0x000000008a980000)
 PSPermGen       total 30720K, used 30623K [0x0000000080600000, 0x0000000082400000, 0x0000000085800000)
  object space 30720K, 99% used [0x0000000080600000,0x00000000823e7c70,0x0000000082400000)
GC Heap History (10 events):
Event: 1,896 GC heap after
Heap after GC invocations=2 (full 0):
 PSYoungGen      total 36864K, used 4751K [0x00000000d7280000, 0x00000000dba80000, 0x0000000100000000)
  eden space 31744K, 0% used [0x00000000d7280000,0x00000000d7280000,0x00000000d9180000)
  from space 5120K, 92% used [0x00000000d9680000,0x00000000d9b23d18,0x00000000d9b80000)
  to   space 5120K, 0% used [0x00000000d9180000,0x00000000d9180000,0x00000000d9680000)
 ParOldGen       total 83456K, used 113K [0x0000000085800000, 0x000000008a980000, 0x00000000d7280000)
  object space 83456K, 0% used [0x0000000085800000,0x000000008581c4c8,0x000000008a980000)
 PSPermGen       total 21504K, used 9624K [0x0000000080600000, 0x0000000081b00000, 0x0000000085800000)
  object space 21504K, 44% used [0x0000000080600000,0x0000000080f66308,0x0000000081b00000)
}
Event: 2,423 GC heap before
{Heap before GC invocations=3 (full 0):
 PSYoungGen      total 36864K, used 36495K [0x00000000d7280000, 0x00000000dba80000, 0x0000000100000000)
  eden space 31744K, 100% used [0x00000000d7280000,0x00000000d9180000,0x00000000d9180000)
  from space 5120K, 92% used [0x00000000d9680000,0x00000000d9b23d18,0x00000000d9b80000)
  to   space 5120K, 0% used [0x00000000d9180000,0x00000000d9180000,0x00000000d9680000)
 ParOldGen       total 83456K, used 113K [0x0000000085800000, 0x000000008a980000, 0x00000000d7280000)
  object space 83456K, 0% used [0x0000000085800000,0x000000008581c4c8,0x000000008a980000)
 PSPermGen       total 21504K, used 14523K [0x0000000080600000, 0x0000000081b00000, 0x0000000085800000)
  object space 21504K, 67% used [0x0000000080600000,0x000000008142ed00,0x0000000081b00000)
Event: 2,430 GC heap after
Heap after GC invocations=3 (full 0):
 PSYoungGen      total 36864K, used 5094K [0x00000000d7280000, 0x00000000dba80000, 0x0000000100000000)
  eden space 31744K, 0% used [0x00000000d7280000,0x00000000d7280000,0x00000000d9180000)
  from space 5120K, 99% used [0x00000000d9180000,0x00000000d9679a10,0x00000000d9680000)
  to   space 5120K, 0% used [0x00000000db580000,0x00000000db580000,0x00000000dba80000)
 ParOldGen       total 83456K, used 2477K [0x0000000085800000, 0x000000008a980000, 0x00000000d7280000)
  object space 83456K, 2% used [0x0000000085800000,0x0000000085a6b440,0x000000008a980000)
 PSPermGen       total 21504K, used 14523K [0x0000000080600000, 0x0000000081b00000, 0x0000000085800000)
  object space 21504K, 67% used [0x0000000080600000,0x000000008142ed00,0x0000000081b00000)
}
Event: 2,877 GC heap before
{Heap before GC invocations=4 (full 0):
 PSYoungGen      total 36864K, used 36838K [0x00000000d7280000, 0x00000000dba80000, 0x0000000100000000)
  eden space 31744K, 100% used [0x00000000d7280000,0x00000000d9180000,0x00000000d9180000)
  from space 5120K, 99% used [0x00000000d9180000,0x00000000d9679a10,0x00000000d9680000)
  to   space 5120K, 0% used [0x00000000db580000,0x00000000db580000,0x00000000dba80000)
 ParOldGen       total 83456K, used 2477K [0x0000000085800000, 0x000000008a980000, 0x00000000d7280000)
  object space 83456K, 2% used [0x0000000085800000,0x0000000085a6b440,0x000000008a980000)
 PSPermGen       total 21504K, used 17299K [0x0000000080600000, 0x0000000081b00000, 0x0000000085800000)
  object space 21504K, 80% used [0x0000000080600000,0x00000000816e4d38,0x0000000081b00000)
Event: 2,888 GC heap after
Heap after GC invocations=4 (full 0):
 PSYoungGen      total 68608K, used 5104K [0x00000000d7280000, 0x00000000dba80000, 0x0000000100000000)
  eden space 63488K, 0% used [0x00000000d7280000,0x00000000d7280000,0x00000000db080000)
  from space 5120K, 99% used [0x00000000db580000,0x00000000dba7c010,0x00000000dba80000)
  to   space 5120K, 0% used [0x00000000db080000,0x00000000db080000,0x00000000db580000)
 ParOldGen       total 83456K, used 5435K [0x0000000085800000, 0x000000008a980000, 0x00000000d7280000)
  object space 83456K, 6% used [0x0000000085800000,0x0000000085d4ecd8,0x000000008a980000)
 PSPermGen       total 21504K, used 17299K [0x0000000080600000, 0x0000000081b00000, 0x0000000085800000)
  object space 21504K, 80% used [0x0000000080600000,0x00000000816e4d38,0x0000000081b00000)
}
Event: 3,623 GC heap before
{Heap before GC invocations=5 (full 0):
 PSYoungGen      total 68608K, used 68592K [0x00000000d7280000, 0x00000000dba80000, 0x0000000100000000)
  eden space 63488K, 100% used [0x00000000d7280000,0x00000000db080000,0x00000000db080000)
  from space 5120K, 99% used [0x00000000db580000,0x00000000dba7c010,0x00000000dba80000)
  to   space 5120K, 0% used [0x00000000db080000,0x00000000db080000,0x00000000db580000)
 ParOldGen       total 83456K, used 5435K [0x0000000085800000, 0x000000008a980000, 0x00000000d7280000)
  object space 83456K, 6% used [0x0000000085800000,0x0000000085d4ecd8,0x000000008a980000)
 PSPermGen       total 22528K, used 22379K [0x0000000080600000, 0x0000000081c00000, 0x0000000085800000)
  object space 22528K, 99% used [0x0000000080600000,0x0000000081bdac50,0x0000000081c00000)
Event: 3,633 GC heap after
Heap after GC invocations=5 (full 0):
 PSYoungGen      total 68608K, used 5088K [0x00000000d7280000, 0x00000000e0780000, 0x0000000100000000)
  eden space 63488K, 0% used [0x00000000d7280000,0x00000000d7280000,0x00000000db080000)
  from space 5120K, 99% used [0x00000000db080000,0x00000000db578020,0x00000000db580000)
  to   space 12800K, 0% used [0x00000000dfb00000,0x00000000dfb00000,0x00000000e0780000)
 ParOldGen       total 83456K, used 12357K [0x0000000085800000, 0x000000008a980000, 0x00000000d7280000)
  object space 83456K, 14% used [0x0000000085800000,0x0000000086411630,0x000000008a980000)
 PSPermGen       total 22528K, used 22379K [0x0000000080600000, 0x0000000081c00000, 0x0000000085800000)
  object space 22528K, 99% used [0x0000000080600000,0x0000000081bdac50,0x0000000081c00000)
}
Event: 4,551 GC heap before
{Heap before GC invocations=6 (full 0):
 PSYoungGen      total 68608K, used 68576K [0x00000000d7280000, 0x00000000e0780000, 0x0000000100000000)
  eden space 63488K, 100% used [0x00000000d7280000,0x00000000db080000,0x00000000db080000)
  from space 5120K, 99% used [0x00000000db080000,0x00000000db578020,0x00000000db580000)
  to   space 12800K, 0% used [0x00000000dfb00000,0x00000000dfb00000,0x00000000e0780000)
 ParOldGen       total 83456K, used 12357K [0x0000000085800000, 0x000000008a980000, 0x00000000d7280000)
  object space 83456K, 14% used [0x0000000085800000,0x0000000086411630,0x000000008a980000)
 PSPermGen       total 25600K, used 25576K [0x0000000080600000, 0x0000000081f00000, 0x0000000085800000)
  object space 25600K, 99% used [0x0000000080600000,0x0000000081efa288,0x0000000081f00000)
Event: 4,599 GC heap after
Heap after GC invocations=6 (full 0):
 PSYoungGen      total 137216K, used 12789K [0x00000000d7280000, 0x00000000e0c80000, 0x0000000100000000)
  eden space 124416K, 0% used [0x00000000d7280000,0x00000000d7280000,0x00000000dec00000)
  from space 12800K, 99% used [0x00000000dfb00000,0x00000000e077d4d8,0x00000000e0780000)
  to   space 15360K, 0% used [0x00000000dec00000,0x00000000dec00000,0x00000000dfb00000)
 ParOldGen       total 83456K, used 13329K [0x0000000085800000, 0x000000008a980000, 0x00000000d7280000)
  object space 83456K, 15% used [0x0000000085800000,0x00000000865047e0,0x000000008a980000)
 PSPermGen       total 25600K, used 25576K [0x0000000080600000, 0x0000000081f00000, 0x0000000085800000)
  object space 25600K, 99% used [0x0000000080600000,0x0000000081efa288,0x0000000081f00000)
}
Event: 6,742 GC heap before
{Heap before GC invocations=7 (full 0):
 PSYoungGen      total 137216K, used 137205K [0x00000000d7280000, 0x00000000e0c80000, 0x0000000100000000)
  eden space 124416K, 100% used [0x00000000d7280000,0x00000000dec00000,0x00000000dec00000)
  from space 12800K, 99% used [0x00000000dfb00000,0x00000000e077d4d8,0x00000000e0780000)
  to   space 15360K, 0% used [0x00000000dec00000,0x00000000dec00000,0x00000000dfb00000)
 ParOldGen       total 83456K, used 13329K [0x0000000085800000, 0x000000008a980000, 0x00000000d7280000)
  object space 83456K, 15% used [0x0000000085800000,0x00000000865047e0,0x000000008a980000)
 PSPermGen       total 30720K, used 30623K [0x0000000080600000, 0x0000000082400000, 0x0000000085800000)
  object space 30720K, 99% used [0x0000000080600000,0x00000000823e7c70,0x0000000082400000)

